The system is: Darwin - 20.2.0 - x86_64
Compiling the C compiler identification source file "CMakeCCompilerId.c" succeeded.
Compiler: /Library/Developer/CommandLineTools/usr/bin/cc 
Build flags: 
Id flags: -c 

The output was:
0


Compilation of the C compiler identification source "CMakeCCompilerId.c" produced "CMakeCCompilerId.o"

The C compiler identification is AppleClang, found in "/Users/arakawakouichi/local_file/testrepo/cpp/build_copasi/CMakeFiles/3.20.5/CompilerIdC/CMakeCCompilerId.o"

Compiling the CXX compiler identification source file "CMakeCXXCompilerId.cpp" succeeded.
Compiler: /Library/Developer/CommandLineTools/usr/bin/c++ 
Build flags: 
Id flags: -c 

The output was:
0


Compilation of the CXX compiler identification source "CMakeCXXCompilerId.cpp" produced "CMakeCXXCompilerId.o"

The CXX compiler identification is AppleClang, found in "/Users/arakawakouichi/local_file/testrepo/cpp/build_copasi/CMakeFiles/3.20.5/CompilerIdCXX/CMakeCXXCompilerId.o"

Detecting C compiler ABI info compiled with the following output:
Change Dir: /Users/arakawakouichi/local_file/testrepo/cpp/build_copasi/CMakeFiles/CMakeTmp

Run Build Command(s):/usr/bin/make -f Makefile cmTC_61e2e/fast && /Library/Developer/CommandLineTools/usr/bin/make  -f CMakeFiles/cmTC_61e2e.dir/build.make CMakeFiles/cmTC_61e2e.dir/build
Building C object CMakeFiles/cmTC_61e2e.dir/CMakeCCompilerABI.c.o
/Library/Developer/CommandLineTools/usr/bin/cc   -isysroot /Library/Developer/CommandLineTools/SDKs/MacOSX11.1.sdk   -v -Wl,-v -MD -MT CMakeFiles/cmTC_61e2e.dir/CMakeCCompilerABI.c.o -MF CMakeFiles/cmTC_61e2e.dir/CMakeCCompilerABI.c.o.d -o CMakeFiles/cmTC_61e2e.dir/CMakeCCompilerABI.c.o -c /usr/local/Cellar/cmake/3.20.5/share/cmake/Modules/CMakeCCompilerABI.c
Apple clang version 12.0.0 (clang-1200.0.32.28)
Target: x86_64-apple-darwin20.2.0
Thread model: posix
InstalledDir: /Library/Developer/CommandLineTools/usr/bin
clang: warning: -Wl,-v: 'linker' input unused [-Wunused-command-line-argument]
 "/Library/Developer/CommandLineTools/usr/bin/clang" -cc1 -triple x86_64-apple-macosx11.0.0 -Wdeprecated-objc-isa-usage -Werror=deprecated-objc-isa-usage -Werror=implicit-function-declaration -emit-obj -mrelax-all -disable-free -disable-llvm-verifier -discard-value-names -main-file-name CMakeCCompilerABI.c -mrelocation-model pic -pic-level 2 -mthread-model posix -mframe-pointer=all -fno-strict-return -masm-verbose -munwind-tables -target-sdk-version=11.1 -target-cpu penryn -dwarf-column-info -debugger-tuning=lldb -target-linker-version 609.8 -v -resource-dir /Library/Developer/CommandLineTools/usr/lib/clang/12.0.0 -dependency-file CMakeFiles/cmTC_61e2e.dir/CMakeCCompilerABI.c.o.d -skip-unused-modulemap-deps -MT CMakeFiles/cmTC_61e2e.dir/CMakeCCompilerABI.c.o -sys-header-deps -isysroot /Library/Developer/CommandLineTools/SDKs/MacOSX11.1.sdk -internal-isystem /Library/Developer/CommandLineTools/SDKs/MacOSX11.1.sdk/usr/local/include -internal-isystem /Library/Developer/CommandLineTools/usr/lib/clang/12.0.0/include -internal-externc-isystem /Library/Developer/CommandLineTools/SDKs/MacOSX11.1.sdk/usr/include -internal-externc-isystem /Library/Developer/CommandLineTools/usr/include -Wno-reorder-init-list -Wno-implicit-int-float-conversion -Wno-c99-designator -Wno-final-dtor-non-final-class -Wno-extra-semi-stmt -Wno-misleading-indentation -Wno-quoted-include-in-framework-header -Wno-implicit-fallthrough -Wno-enum-enum-conversion -Wno-enum-float-conversion -fdebug-compilation-dir /Users/arakawakouichi/local_file/testrepo/cpp/build_copasi/CMakeFiles/CMakeTmp -ferror-limit 19 -fmessage-length 0 -stack-protector 1 -fstack-check -mdarwin-stkchk-strong-link -fblocks -fencode-extended-block-signature -fregister-global-dtors-with-atexit -fgnuc-version=4.2.1 -fobjc-runtime=macosx-11.0.0 -fmax-type-align=16 -fdiagnostics-show-option -o CMakeFiles/cmTC_61e2e.dir/CMakeCCompilerABI.c.o -x c /usr/local/Cellar/cmake/3.20.5/share/cmake/Modules/CMakeCCompilerABI.c
clang -cc1 version 12.0.0 (clang-1200.0.32.28) default target x86_64-apple-darwin20.2.0
ignoring nonexistent directory "/Library/Developer/CommandLineTools/SDKs/MacOSX11.1.sdk/usr/local/include"
ignoring nonexistent directory "/Library/Developer/CommandLineTools/SDKs/MacOSX11.1.sdk/Library/Frameworks"
#include "..." search starts here:
#include <...> search starts here:
 /Library/Developer/CommandLineTools/usr/lib/clang/12.0.0/include
 /Library/Developer/CommandLineTools/SDKs/MacOSX11.1.sdk/usr/include
 /Library/Developer/CommandLineTools/usr/include
 /Library/Developer/CommandLineTools/SDKs/MacOSX11.1.sdk/System/Library/Frameworks (framework directory)
End of search list.
Linking C executable cmTC_61e2e
/usr/local/Cellar/cmake/3.20.5/bin/cmake -E cmake_link_script CMakeFiles/cmTC_61e2e.dir/link.txt --verbose=1
/Library/Developer/CommandLineTools/usr/bin/cc  -isysroot /Library/Developer/CommandLineTools/SDKs/MacOSX11.1.sdk -Wl,-search_paths_first -Wl,-headerpad_max_install_names -L/usr/local/opt/zlib/lib -L/usr/local/opt/bzip2/lib -v -Wl,-v CMakeFiles/cmTC_61e2e.dir/CMakeCCompilerABI.c.o -o cmTC_61e2e 
Apple clang version 12.0.0 (clang-1200.0.32.28)
Target: x86_64-apple-darwin20.2.0
Thread model: posix
InstalledDir: /Library/Developer/CommandLineTools/usr/bin
 "/Library/Developer/CommandLineTools/usr/bin/ld" -demangle -lto_library /Library/Developer/CommandLineTools/usr/lib/libLTO.dylib -dynamic -arch x86_64 -platform_version macos 11.0.0 11.1 -syslibroot /Library/Developer/CommandLineTools/SDKs/MacOSX11.1.sdk -o cmTC_61e2e -L/usr/local/opt/zlib/lib -L/usr/local/opt/bzip2/lib -search_paths_first -headerpad_max_install_names -v CMakeFiles/cmTC_61e2e.dir/CMakeCCompilerABI.c.o -lSystem /Library/Developer/CommandLineTools/usr/lib/clang/12.0.0/lib/darwin/libclang_rt.osx.a
@(#)PROGRAM:ld  PROJECT:ld64-609.8
BUILD 20:09:52 Nov  4 2020
configured to support archs: armv6 armv7 armv7s arm64 arm64e arm64_32 i386 x86_64 x86_64h armv6m armv7k armv7m armv7em
Library search paths:
	/usr/local/opt/zlib/lib
	/usr/local/opt/bzip2/lib
	/Library/Developer/CommandLineTools/SDKs/MacOSX11.1.sdk/usr/lib
Framework search paths:
	/Library/Developer/CommandLineTools/SDKs/MacOSX11.1.sdk/System/Library/Frameworks/



Parsed C implicit include dir info from above output: rv=done
  found start of include info
  found start of implicit include info
    add: [/Library/Developer/CommandLineTools/usr/lib/clang/12.0.0/include]
    add: [/Library/Developer/CommandLineTools/SDKs/MacOSX11.1.sdk/usr/include]
    add: [/Library/Developer/CommandLineTools/usr/include]
  end of search list found
  collapse include dir [/Library/Developer/CommandLineTools/usr/lib/clang/12.0.0/include] ==> [/Library/Developer/CommandLineTools/usr/lib/clang/12.0.0/include]
  collapse include dir [/Library/Developer/CommandLineTools/SDKs/MacOSX11.1.sdk/usr/include] ==> [/Library/Developer/CommandLineTools/SDKs/MacOSX11.1.sdk/usr/include]
  collapse include dir [/Library/Developer/CommandLineTools/usr/include] ==> [/Library/Developer/CommandLineTools/usr/include]
  implicit include dirs: [/Library/Developer/CommandLineTools/usr/lib/clang/12.0.0/include;/Library/Developer/CommandLineTools/SDKs/MacOSX11.1.sdk/usr/include;/Library/Developer/CommandLineTools/usr/include]


Parsed C implicit link information from above output:
  link line regex: [^( *|.*[/\])(ld|CMAKE_LINK_STARTFILE-NOTFOUND|([^/\]+-)?ld|collect2)[^/\]*( |$)]
  ignore line: [Change Dir: /Users/arakawakouichi/local_file/testrepo/cpp/build_copasi/CMakeFiles/CMakeTmp]
  ignore line: []
  ignore line: [Run Build Command(s):/usr/bin/make -f Makefile cmTC_61e2e/fast && /Library/Developer/CommandLineTools/usr/bin/make  -f CMakeFiles/cmTC_61e2e.dir/build.make CMakeFiles/cmTC_61e2e.dir/build]
  ignore line: [Building C object CMakeFiles/cmTC_61e2e.dir/CMakeCCompilerABI.c.o]
  ignore line: [/Library/Developer/CommandLineTools/usr/bin/cc   -isysroot /Library/Developer/CommandLineTools/SDKs/MacOSX11.1.sdk   -v -Wl -v -MD -MT CMakeFiles/cmTC_61e2e.dir/CMakeCCompilerABI.c.o -MF CMakeFiles/cmTC_61e2e.dir/CMakeCCompilerABI.c.o.d -o CMakeFiles/cmTC_61e2e.dir/CMakeCCompilerABI.c.o -c /usr/local/Cellar/cmake/3.20.5/share/cmake/Modules/CMakeCCompilerABI.c]
  ignore line: [Apple clang version 12.0.0 (clang-1200.0.32.28)]
  ignore line: [Target: x86_64-apple-darwin20.2.0]
  ignore line: [Thread model: posix]
  ignore line: [InstalledDir: /Library/Developer/CommandLineTools/usr/bin]
  ignore line: [clang: warning: -Wl -v: 'linker' input unused [-Wunused-command-line-argument]]
  ignore line: [ "/Library/Developer/CommandLineTools/usr/bin/clang" -cc1 -triple x86_64-apple-macosx11.0.0 -Wdeprecated-objc-isa-usage -Werror=deprecated-objc-isa-usage -Werror=implicit-function-declaration -emit-obj -mrelax-all -disable-free -disable-llvm-verifier -discard-value-names -main-file-name CMakeCCompilerABI.c -mrelocation-model pic -pic-level 2 -mthread-model posix -mframe-pointer=all -fno-strict-return -masm-verbose -munwind-tables -target-sdk-version=11.1 -target-cpu penryn -dwarf-column-info -debugger-tuning=lldb -target-linker-version 609.8 -v -resource-dir /Library/Developer/CommandLineTools/usr/lib/clang/12.0.0 -dependency-file CMakeFiles/cmTC_61e2e.dir/CMakeCCompilerABI.c.o.d -skip-unused-modulemap-deps -MT CMakeFiles/cmTC_61e2e.dir/CMakeCCompilerABI.c.o -sys-header-deps -isysroot /Library/Developer/CommandLineTools/SDKs/MacOSX11.1.sdk -internal-isystem /Library/Developer/CommandLineTools/SDKs/MacOSX11.1.sdk/usr/local/include -internal-isystem /Library/Developer/CommandLineTools/usr/lib/clang/12.0.0/include -internal-externc-isystem /Library/Developer/CommandLineTools/SDKs/MacOSX11.1.sdk/usr/include -internal-externc-isystem /Library/Developer/CommandLineTools/usr/include -Wno-reorder-init-list -Wno-implicit-int-float-conversion -Wno-c99-designator -Wno-final-dtor-non-final-class -Wno-extra-semi-stmt -Wno-misleading-indentation -Wno-quoted-include-in-framework-header -Wno-implicit-fallthrough -Wno-enum-enum-conversion -Wno-enum-float-conversion -fdebug-compilation-dir /Users/arakawakouichi/local_file/testrepo/cpp/build_copasi/CMakeFiles/CMakeTmp -ferror-limit 19 -fmessage-length 0 -stack-protector 1 -fstack-check -mdarwin-stkchk-strong-link -fblocks -fencode-extended-block-signature -fregister-global-dtors-with-atexit -fgnuc-version=4.2.1 -fobjc-runtime=macosx-11.0.0 -fmax-type-align=16 -fdiagnostics-show-option -o CMakeFiles/cmTC_61e2e.dir/CMakeCCompilerABI.c.o -x c /usr/local/Cellar/cmake/3.20.5/share/cmake/Modules/CMakeCCompilerABI.c]
  ignore line: [clang -cc1 version 12.0.0 (clang-1200.0.32.28) default target x86_64-apple-darwin20.2.0]
  ignore line: [ignoring nonexistent directory "/Library/Developer/CommandLineTools/SDKs/MacOSX11.1.sdk/usr/local/include"]
  ignore line: [ignoring nonexistent directory "/Library/Developer/CommandLineTools/SDKs/MacOSX11.1.sdk/Library/Frameworks"]
  ignore line: [#include "..." search starts here:]
  ignore line: [#include <...> search starts here:]
  ignore line: [ /Library/Developer/CommandLineTools/usr/lib/clang/12.0.0/include]
  ignore line: [ /Library/Developer/CommandLineTools/SDKs/MacOSX11.1.sdk/usr/include]
  ignore line: [ /Library/Developer/CommandLineTools/usr/include]
  ignore line: [ /Library/Developer/CommandLineTools/SDKs/MacOSX11.1.sdk/System/Library/Frameworks (framework directory)]
  ignore line: [End of search list.]
  ignore line: [Linking C executable cmTC_61e2e]
  ignore line: [/usr/local/Cellar/cmake/3.20.5/bin/cmake -E cmake_link_script CMakeFiles/cmTC_61e2e.dir/link.txt --verbose=1]
  ignore line: [/Library/Developer/CommandLineTools/usr/bin/cc  -isysroot /Library/Developer/CommandLineTools/SDKs/MacOSX11.1.sdk -Wl -search_paths_first -Wl -headerpad_max_install_names -L/usr/local/opt/zlib/lib -L/usr/local/opt/bzip2/lib -v -Wl -v CMakeFiles/cmTC_61e2e.dir/CMakeCCompilerABI.c.o -o cmTC_61e2e ]
  ignore line: [Apple clang version 12.0.0 (clang-1200.0.32.28)]
  ignore line: [Target: x86_64-apple-darwin20.2.0]
  ignore line: [Thread model: posix]
  ignore line: [InstalledDir: /Library/Developer/CommandLineTools/usr/bin]
  link line: [ "/Library/Developer/CommandLineTools/usr/bin/ld" -demangle -lto_library /Library/Developer/CommandLineTools/usr/lib/libLTO.dylib -dynamic -arch x86_64 -platform_version macos 11.0.0 11.1 -syslibroot /Library/Developer/CommandLineTools/SDKs/MacOSX11.1.sdk -o cmTC_61e2e -L/usr/local/opt/zlib/lib -L/usr/local/opt/bzip2/lib -search_paths_first -headerpad_max_install_names -v CMakeFiles/cmTC_61e2e.dir/CMakeCCompilerABI.c.o -lSystem /Library/Developer/CommandLineTools/usr/lib/clang/12.0.0/lib/darwin/libclang_rt.osx.a]
    arg [/Library/Developer/CommandLineTools/usr/bin/ld] ==> ignore
    arg [-demangle] ==> ignore
    arg [-lto_library] ==> ignore, skip following value
    arg [/Library/Developer/CommandLineTools/usr/lib/libLTO.dylib] ==> skip value of -lto_library
    arg [-dynamic] ==> ignore
    arg [-arch] ==> ignore
    arg [x86_64] ==> ignore
    arg [-platform_version] ==> ignore
    arg [macos] ==> ignore
    arg [11.0.0] ==> ignore
    arg [11.1] ==> ignore
    arg [-syslibroot] ==> ignore
    arg [/Library/Developer/CommandLineTools/SDKs/MacOSX11.1.sdk] ==> ignore
    arg [-o] ==> ignore
    arg [cmTC_61e2e] ==> ignore
    arg [-L/usr/local/opt/zlib/lib] ==> dir [/usr/local/opt/zlib/lib]
    arg [-L/usr/local/opt/bzip2/lib] ==> dir [/usr/local/opt/bzip2/lib]
    arg [-search_paths_first] ==> ignore
    arg [-headerpad_max_install_names] ==> ignore
    arg [-v] ==> ignore
    arg [CMakeFiles/cmTC_61e2e.dir/CMakeCCompilerABI.c.o] ==> ignore
    arg [-lSystem] ==> lib [System]
    arg [/Library/Developer/CommandLineTools/usr/lib/clang/12.0.0/lib/darwin/libclang_rt.osx.a] ==> lib [/Library/Developer/CommandLineTools/usr/lib/clang/12.0.0/lib/darwin/libclang_rt.osx.a]
  Library search paths: [;/usr/local/opt/zlib/lib;/usr/local/opt/bzip2/lib;/Library/Developer/CommandLineTools/SDKs/MacOSX11.1.sdk/usr/lib]
  Framework search paths: [;/Library/Developer/CommandLineTools/SDKs/MacOSX11.1.sdk/System/Library/Frameworks/]
  remove lib [System]
  remove lib [/Library/Developer/CommandLineTools/usr/lib/clang/12.0.0/lib/darwin/libclang_rt.osx.a]
  collapse library dir [/usr/local/opt/zlib/lib] ==> [/usr/local/opt/zlib/lib]
  collapse library dir [/usr/local/opt/bzip2/lib] ==> [/usr/local/opt/bzip2/lib]
  collapse library dir [/usr/local/opt/zlib/lib] ==> [/usr/local/opt/zlib/lib]
  collapse library dir [/usr/local/opt/bzip2/lib] ==> [/usr/local/opt/bzip2/lib]
  collapse library dir [/Library/Developer/CommandLineTools/SDKs/MacOSX11.1.sdk/usr/lib] ==> [/Library/Developer/CommandLineTools/SDKs/MacOSX11.1.sdk/usr/lib]
  collapse framework dir [/Library/Developer/CommandLineTools/SDKs/MacOSX11.1.sdk/System/Library/Frameworks/] ==> [/Library/Developer/CommandLineTools/SDKs/MacOSX11.1.sdk/System/Library/Frameworks]
  implicit libs: []
  implicit objs: []
  implicit dirs: [/usr/local/opt/zlib/lib;/usr/local/opt/bzip2/lib;/Library/Developer/CommandLineTools/SDKs/MacOSX11.1.sdk/usr/lib]
  implicit fwks: [/Library/Developer/CommandLineTools/SDKs/MacOSX11.1.sdk/System/Library/Frameworks]


Detecting CXX compiler ABI info compiled with the following output:
Change Dir: /Users/arakawakouichi/local_file/testrepo/cpp/build_copasi/CMakeFiles/CMakeTmp

Run Build Command(s):/usr/bin/make -f Makefile cmTC_74d85/fast && /Library/Developer/CommandLineTools/usr/bin/make  -f CMakeFiles/cmTC_74d85.dir/build.make CMakeFiles/cmTC_74d85.dir/build
Building CXX object CMakeFiles/cmTC_74d85.dir/CMakeCXXCompilerABI.cpp.o
/Library/Developer/CommandLineTools/usr/bin/c++   -isysroot /Library/Developer/CommandLineTools/SDKs/MacOSX11.1.sdk   -v -Wl,-v -MD -MT CMakeFiles/cmTC_74d85.dir/CMakeCXXCompilerABI.cpp.o -MF CMakeFiles/cmTC_74d85.dir/CMakeCXXCompilerABI.cpp.o.d -o CMakeFiles/cmTC_74d85.dir/CMakeCXXCompilerABI.cpp.o -c /usr/local/Cellar/cmake/3.20.5/share/cmake/Modules/CMakeCXXCompilerABI.cpp
Apple clang version 12.0.0 (clang-1200.0.32.28)
Target: x86_64-apple-darwin20.2.0
Thread model: posix
InstalledDir: /Library/Developer/CommandLineTools/usr/bin
clang: warning: -Wl,-v: 'linker' input unused [-Wunused-command-line-argument]
ignoring nonexistent directory "/Library/Developer/CommandLineTools/SDKs/MacOSX11.1.sdk/usr/include/c++/v1"
 "/Library/Developer/CommandLineTools/usr/bin/clang" -cc1 -triple x86_64-apple-macosx11.0.0 -Wdeprecated-objc-isa-usage -Werror=deprecated-objc-isa-usage -Werror=implicit-function-declaration -emit-obj -mrelax-all -disable-free -disable-llvm-verifier -discard-value-names -main-file-name CMakeCXXCompilerABI.cpp -mrelocation-model pic -pic-level 2 -mthread-model posix -mframe-pointer=all -fno-strict-return -masm-verbose -munwind-tables -target-sdk-version=11.1 -target-cpu penryn -dwarf-column-info -debugger-tuning=lldb -target-linker-version 609.8 -v -resource-dir /Library/Developer/CommandLineTools/usr/lib/clang/12.0.0 -dependency-file CMakeFiles/cmTC_74d85.dir/CMakeCXXCompilerABI.cpp.o.d -skip-unused-modulemap-deps -MT CMakeFiles/cmTC_74d85.dir/CMakeCXXCompilerABI.cpp.o -sys-header-deps -isysroot /Library/Developer/CommandLineTools/SDKs/MacOSX11.1.sdk -stdlib=libc++ -internal-isystem /Library/Developer/CommandLineTools/usr/bin/../include/c++/v1 -internal-isystem /Library/Developer/CommandLineTools/SDKs/MacOSX11.1.sdk/usr/local/include -internal-isystem /Library/Developer/CommandLineTools/usr/lib/clang/12.0.0/include -internal-externc-isystem /Library/Developer/CommandLineTools/SDKs/MacOSX11.1.sdk/usr/include -internal-externc-isystem /Library/Developer/CommandLineTools/usr/include -Wno-reorder-init-list -Wno-implicit-int-float-conversion -Wno-c99-designator -Wno-final-dtor-non-final-class -Wno-extra-semi-stmt -Wno-misleading-indentation -Wno-quoted-include-in-framework-header -Wno-implicit-fallthrough -Wno-enum-enum-conversion -Wno-enum-float-conversion -fdeprecated-macro -fdebug-compilation-dir /Users/arakawakouichi/local_file/testrepo/cpp/build_copasi/CMakeFiles/CMakeTmp -ferror-limit 19 -fmessage-length 0 -stack-protector 1 -fstack-check -mdarwin-stkchk-strong-link -fblocks -fencode-extended-block-signature -fregister-global-dtors-with-atexit -fgnuc-version=4.2.1 -fobjc-runtime=macosx-11.0.0 -fcxx-exceptions -fexceptions -fmax-type-align=16 -fdiagnostics-show-option -o CMakeFiles/cmTC_74d85.dir/CMakeCXXCompilerABI.cpp.o -x c++ /usr/local/Cellar/cmake/3.20.5/share/cmake/Modules/CMakeCXXCompilerABI.cpp
clang -cc1 version 12.0.0 (clang-1200.0.32.28) default target x86_64-apple-darwin20.2.0
ignoring nonexistent directory "/Library/Developer/CommandLineTools/SDKs/MacOSX11.1.sdk/usr/local/include"
ignoring nonexistent directory "/Library/Developer/CommandLineTools/SDKs/MacOSX11.1.sdk/Library/Frameworks"
#include "..." search starts here:
#include <...> search starts here:
 /Library/Developer/CommandLineTools/usr/bin/../include/c++/v1
 /Library/Developer/CommandLineTools/usr/lib/clang/12.0.0/include
 /Library/Developer/CommandLineTools/SDKs/MacOSX11.1.sdk/usr/include
 /Library/Developer/CommandLineTools/usr/include
 /Library/Developer/CommandLineTools/SDKs/MacOSX11.1.sdk/System/Library/Frameworks (framework directory)
End of search list.
Linking CXX executable cmTC_74d85
/usr/local/Cellar/cmake/3.20.5/bin/cmake -E cmake_link_script CMakeFiles/cmTC_74d85.dir/link.txt --verbose=1
/Library/Developer/CommandLineTools/usr/bin/c++  -isysroot /Library/Developer/CommandLineTools/SDKs/MacOSX11.1.sdk -Wl,-search_paths_first -Wl,-headerpad_max_install_names -L/usr/local/opt/zlib/lib -L/usr/local/opt/bzip2/lib -v -Wl,-v CMakeFiles/cmTC_74d85.dir/CMakeCXXCompilerABI.cpp.o -o cmTC_74d85 
Apple clang version 12.0.0 (clang-1200.0.32.28)
Target: x86_64-apple-darwin20.2.0
Thread model: posix
InstalledDir: /Library/Developer/CommandLineTools/usr/bin
 "/Library/Developer/CommandLineTools/usr/bin/ld" -demangle -lto_library /Library/Developer/CommandLineTools/usr/lib/libLTO.dylib -dynamic -arch x86_64 -platform_version macos 11.0.0 11.1 -syslibroot /Library/Developer/CommandLineTools/SDKs/MacOSX11.1.sdk -o cmTC_74d85 -L/usr/local/opt/zlib/lib -L/usr/local/opt/bzip2/lib -search_paths_first -headerpad_max_install_names -v CMakeFiles/cmTC_74d85.dir/CMakeCXXCompilerABI.cpp.o -lc++ -lSystem /Library/Developer/CommandLineTools/usr/lib/clang/12.0.0/lib/darwin/libclang_rt.osx.a
@(#)PROGRAM:ld  PROJECT:ld64-609.8
BUILD 20:09:52 Nov  4 2020
configured to support archs: armv6 armv7 armv7s arm64 arm64e arm64_32 i386 x86_64 x86_64h armv6m armv7k armv7m armv7em
Library search paths:
	/usr/local/opt/zlib/lib
	/usr/local/opt/bzip2/lib
	/Library/Developer/CommandLineTools/SDKs/MacOSX11.1.sdk/usr/lib
Framework search paths:
	/Library/Developer/CommandLineTools/SDKs/MacOSX11.1.sdk/System/Library/Frameworks/



Parsed CXX implicit include dir info from above output: rv=done
  found start of include info
  found start of implicit include info
    add: [/Library/Developer/CommandLineTools/usr/bin/../include/c++/v1]
    add: [/Library/Developer/CommandLineTools/usr/lib/clang/12.0.0/include]
    add: [/Library/Developer/CommandLineTools/SDKs/MacOSX11.1.sdk/usr/include]
    add: [/Library/Developer/CommandLineTools/usr/include]
  end of search list found
  collapse include dir [/Library/Developer/CommandLineTools/usr/bin/../include/c++/v1] ==> [/Library/Developer/CommandLineTools/usr/include/c++/v1]
  collapse include dir [/Library/Developer/CommandLineTools/usr/lib/clang/12.0.0/include] ==> [/Library/Developer/CommandLineTools/usr/lib/clang/12.0.0/include]
  collapse include dir [/Library/Developer/CommandLineTools/SDKs/MacOSX11.1.sdk/usr/include] ==> [/Library/Developer/CommandLineTools/SDKs/MacOSX11.1.sdk/usr/include]
  collapse include dir [/Library/Developer/CommandLineTools/usr/include] ==> [/Library/Developer/CommandLineTools/usr/include]
  implicit include dirs: [/Library/Developer/CommandLineTools/usr/include/c++/v1;/Library/Developer/CommandLineTools/usr/lib/clang/12.0.0/include;/Library/Developer/CommandLineTools/SDKs/MacOSX11.1.sdk/usr/include;/Library/Developer/CommandLineTools/usr/include]


Parsed CXX implicit link information from above output:
  link line regex: [^( *|.*[/\])(ld|CMAKE_LINK_STARTFILE-NOTFOUND|([^/\]+-)?ld|collect2)[^/\]*( |$)]
  ignore line: [Change Dir: /Users/arakawakouichi/local_file/testrepo/cpp/build_copasi/CMakeFiles/CMakeTmp]
  ignore line: []
  ignore line: [Run Build Command(s):/usr/bin/make -f Makefile cmTC_74d85/fast && /Library/Developer/CommandLineTools/usr/bin/make  -f CMakeFiles/cmTC_74d85.dir/build.make CMakeFiles/cmTC_74d85.dir/build]
  ignore line: [Building CXX object CMakeFiles/cmTC_74d85.dir/CMakeCXXCompilerABI.cpp.o]
  ignore line: [/Library/Developer/CommandLineTools/usr/bin/c++   -isysroot /Library/Developer/CommandLineTools/SDKs/MacOSX11.1.sdk   -v -Wl -v -MD -MT CMakeFiles/cmTC_74d85.dir/CMakeCXXCompilerABI.cpp.o -MF CMakeFiles/cmTC_74d85.dir/CMakeCXXCompilerABI.cpp.o.d -o CMakeFiles/cmTC_74d85.dir/CMakeCXXCompilerABI.cpp.o -c /usr/local/Cellar/cmake/3.20.5/share/cmake/Modules/CMakeCXXCompilerABI.cpp]
  ignore line: [Apple clang version 12.0.0 (clang-1200.0.32.28)]
  ignore line: [Target: x86_64-apple-darwin20.2.0]
  ignore line: [Thread model: posix]
  ignore line: [InstalledDir: /Library/Developer/CommandLineTools/usr/bin]
  ignore line: [clang: warning: -Wl -v: 'linker' input unused [-Wunused-command-line-argument]]
  ignore line: [ignoring nonexistent directory "/Library/Developer/CommandLineTools/SDKs/MacOSX11.1.sdk/usr/include/c++/v1"]
  ignore line: [ "/Library/Developer/CommandLineTools/usr/bin/clang" -cc1 -triple x86_64-apple-macosx11.0.0 -Wdeprecated-objc-isa-usage -Werror=deprecated-objc-isa-usage -Werror=implicit-function-declaration -emit-obj -mrelax-all -disable-free -disable-llvm-verifier -discard-value-names -main-file-name CMakeCXXCompilerABI.cpp -mrelocation-model pic -pic-level 2 -mthread-model posix -mframe-pointer=all -fno-strict-return -masm-verbose -munwind-tables -target-sdk-version=11.1 -target-cpu penryn -dwarf-column-info -debugger-tuning=lldb -target-linker-version 609.8 -v -resource-dir /Library/Developer/CommandLineTools/usr/lib/clang/12.0.0 -dependency-file CMakeFiles/cmTC_74d85.dir/CMakeCXXCompilerABI.cpp.o.d -skip-unused-modulemap-deps -MT CMakeFiles/cmTC_74d85.dir/CMakeCXXCompilerABI.cpp.o -sys-header-deps -isysroot /Library/Developer/CommandLineTools/SDKs/MacOSX11.1.sdk -stdlib=libc++ -internal-isystem /Library/Developer/CommandLineTools/usr/bin/../include/c++/v1 -internal-isystem /Library/Developer/CommandLineTools/SDKs/MacOSX11.1.sdk/usr/local/include -internal-isystem /Library/Developer/CommandLineTools/usr/lib/clang/12.0.0/include -internal-externc-isystem /Library/Developer/CommandLineTools/SDKs/MacOSX11.1.sdk/usr/include -internal-externc-isystem /Library/Developer/CommandLineTools/usr/include -Wno-reorder-init-list -Wno-implicit-int-float-conversion -Wno-c99-designator -Wno-final-dtor-non-final-class -Wno-extra-semi-stmt -Wno-misleading-indentation -Wno-quoted-include-in-framework-header -Wno-implicit-fallthrough -Wno-enum-enum-conversion -Wno-enum-float-conversion -fdeprecated-macro -fdebug-compilation-dir /Users/arakawakouichi/local_file/testrepo/cpp/build_copasi/CMakeFiles/CMakeTmp -ferror-limit 19 -fmessage-length 0 -stack-protector 1 -fstack-check -mdarwin-stkchk-strong-link -fblocks -fencode-extended-block-signature -fregister-global-dtors-with-atexit -fgnuc-version=4.2.1 -fobjc-runtime=macosx-11.0.0 -fcxx-exceptions -fexceptions -fmax-type-align=16 -fdiagnostics-show-option -o CMakeFiles/cmTC_74d85.dir/CMakeCXXCompilerABI.cpp.o -x c++ /usr/local/Cellar/cmake/3.20.5/share/cmake/Modules/CMakeCXXCompilerABI.cpp]
  ignore line: [clang -cc1 version 12.0.0 (clang-1200.0.32.28) default target x86_64-apple-darwin20.2.0]
  ignore line: [ignoring nonexistent directory "/Library/Developer/CommandLineTools/SDKs/MacOSX11.1.sdk/usr/local/include"]
  ignore line: [ignoring nonexistent directory "/Library/Developer/CommandLineTools/SDKs/MacOSX11.1.sdk/Library/Frameworks"]
  ignore line: [#include "..." search starts here:]
  ignore line: [#include <...> search starts here:]
  ignore line: [ /Library/Developer/CommandLineTools/usr/bin/../include/c++/v1]
  ignore line: [ /Library/Developer/CommandLineTools/usr/lib/clang/12.0.0/include]
  ignore line: [ /Library/Developer/CommandLineTools/SDKs/MacOSX11.1.sdk/usr/include]
  ignore line: [ /Library/Developer/CommandLineTools/usr/include]
  ignore line: [ /Library/Developer/CommandLineTools/SDKs/MacOSX11.1.sdk/System/Library/Frameworks (framework directory)]
  ignore line: [End of search list.]
  ignore line: [Linking CXX executable cmTC_74d85]
  ignore line: [/usr/local/Cellar/cmake/3.20.5/bin/cmake -E cmake_link_script CMakeFiles/cmTC_74d85.dir/link.txt --verbose=1]
  ignore line: [/Library/Developer/CommandLineTools/usr/bin/c++  -isysroot /Library/Developer/CommandLineTools/SDKs/MacOSX11.1.sdk -Wl -search_paths_first -Wl -headerpad_max_install_names -L/usr/local/opt/zlib/lib -L/usr/local/opt/bzip2/lib -v -Wl -v CMakeFiles/cmTC_74d85.dir/CMakeCXXCompilerABI.cpp.o -o cmTC_74d85 ]
  ignore line: [Apple clang version 12.0.0 (clang-1200.0.32.28)]
  ignore line: [Target: x86_64-apple-darwin20.2.0]
  ignore line: [Thread model: posix]
  ignore line: [InstalledDir: /Library/Developer/CommandLineTools/usr/bin]
  link line: [ "/Library/Developer/CommandLineTools/usr/bin/ld" -demangle -lto_library /Library/Developer/CommandLineTools/usr/lib/libLTO.dylib -dynamic -arch x86_64 -platform_version macos 11.0.0 11.1 -syslibroot /Library/Developer/CommandLineTools/SDKs/MacOSX11.1.sdk -o cmTC_74d85 -L/usr/local/opt/zlib/lib -L/usr/local/opt/bzip2/lib -search_paths_first -headerpad_max_install_names -v CMakeFiles/cmTC_74d85.dir/CMakeCXXCompilerABI.cpp.o -lc++ -lSystem /Library/Developer/CommandLineTools/usr/lib/clang/12.0.0/lib/darwin/libclang_rt.osx.a]
    arg [/Library/Developer/CommandLineTools/usr/bin/ld] ==> ignore
    arg [-demangle] ==> ignore
    arg [-lto_library] ==> ignore, skip following value
    arg [/Library/Developer/CommandLineTools/usr/lib/libLTO.dylib] ==> skip value of -lto_library
    arg [-dynamic] ==> ignore
    arg [-arch] ==> ignore
    arg [x86_64] ==> ignore
    arg [-platform_version] ==> ignore
    arg [macos] ==> ignore
    arg [11.0.0] ==> ignore
    arg [11.1] ==> ignore
    arg [-syslibroot] ==> ignore
    arg [/Library/Developer/CommandLineTools/SDKs/MacOSX11.1.sdk] ==> ignore
    arg [-o] ==> ignore
    arg [cmTC_74d85] ==> ignore
    arg [-L/usr/local/opt/zlib/lib] ==> dir [/usr/local/opt/zlib/lib]
    arg [-L/usr/local/opt/bzip2/lib] ==> dir [/usr/local/opt/bzip2/lib]
    arg [-search_paths_first] ==> ignore
    arg [-headerpad_max_install_names] ==> ignore
    arg [-v] ==> ignore
    arg [CMakeFiles/cmTC_74d85.dir/CMakeCXXCompilerABI.cpp.o] ==> ignore
    arg [-lc++] ==> lib [c++]
    arg [-lSystem] ==> lib [System]
    arg [/Library/Developer/CommandLineTools/usr/lib/clang/12.0.0/lib/darwin/libclang_rt.osx.a] ==> lib [/Library/Developer/CommandLineTools/usr/lib/clang/12.0.0/lib/darwin/libclang_rt.osx.a]
  Library search paths: [;/usr/local/opt/zlib/lib;/usr/local/opt/bzip2/lib;/Library/Developer/CommandLineTools/SDKs/MacOSX11.1.sdk/usr/lib]
  Framework search paths: [;/Library/Developer/CommandLineTools/SDKs/MacOSX11.1.sdk/System/Library/Frameworks/]
  remove lib [System]
  remove lib [/Library/Developer/CommandLineTools/usr/lib/clang/12.0.0/lib/darwin/libclang_rt.osx.a]
  collapse library dir [/usr/local/opt/zlib/lib] ==> [/usr/local/opt/zlib/lib]
  collapse library dir [/usr/local/opt/bzip2/lib] ==> [/usr/local/opt/bzip2/lib]
  collapse library dir [/usr/local/opt/zlib/lib] ==> [/usr/local/opt/zlib/lib]
  collapse library dir [/usr/local/opt/bzip2/lib] ==> [/usr/local/opt/bzip2/lib]
  collapse library dir [/Library/Developer/CommandLineTools/SDKs/MacOSX11.1.sdk/usr/lib] ==> [/Library/Developer/CommandLineTools/SDKs/MacOSX11.1.sdk/usr/lib]
  collapse framework dir [/Library/Developer/CommandLineTools/SDKs/MacOSX11.1.sdk/System/Library/Frameworks/] ==> [/Library/Developer/CommandLineTools/SDKs/MacOSX11.1.sdk/System/Library/Frameworks]
  implicit libs: [c++]
  implicit objs: []
  implicit dirs: [/usr/local/opt/zlib/lib;/usr/local/opt/bzip2/lib;/Library/Developer/CommandLineTools/SDKs/MacOSX11.1.sdk/usr/lib]
  implicit fwks: [/Library/Developer/CommandLineTools/SDKs/MacOSX11.1.sdk/System/Library/Frameworks]


Determining if the function strptime exists passed with the following output:
Change Dir: /Users/arakawakouichi/local_file/testrepo/cpp/build_copasi/CMakeFiles/CMakeTmp

Run Build Command(s):/usr/bin/make -f Makefile cmTC_fa6ae/fast && /Library/Developer/CommandLineTools/usr/bin/make  -f CMakeFiles/cmTC_fa6ae.dir/build.make CMakeFiles/cmTC_fa6ae.dir/build
Building C object CMakeFiles/cmTC_fa6ae.dir/CheckFunctionExists.c.o
/Library/Developer/CommandLineTools/usr/bin/cc   -DCHECK_FUNCTION_EXISTS=strptime -isysroot /Library/Developer/CommandLineTools/SDKs/MacOSX11.1.sdk -o CMakeFiles/cmTC_fa6ae.dir/CheckFunctionExists.c.o -c /usr/local/Cellar/cmake/3.20.5/share/cmake/Modules/CheckFunctionExists.c
Linking C executable cmTC_fa6ae
/usr/local/Cellar/cmake/3.20.5/bin/cmake -E cmake_link_script CMakeFiles/cmTC_fa6ae.dir/link.txt --verbose=1
/Library/Developer/CommandLineTools/usr/bin/cc  -DCHECK_FUNCTION_EXISTS=strptime -isysroot /Library/Developer/CommandLineTools/SDKs/MacOSX11.1.sdk -Wl,-search_paths_first -Wl,-headerpad_max_install_names -L/usr/local/opt/zlib/lib -L/usr/local/opt/bzip2/lib  CMakeFiles/cmTC_fa6ae.dir/CheckFunctionExists.c.o -o cmTC_fa6ae 



Determining if the include file sys/types.h exists passed with the following output:
Change Dir: /Users/arakawakouichi/local_file/testrepo/cpp/build_copasi/CMakeFiles/CMakeTmp

Run Build Command(s):/usr/bin/make -f Makefile cmTC_933ce/fast && /Library/Developer/CommandLineTools/usr/bin/make  -f CMakeFiles/cmTC_933ce.dir/build.make CMakeFiles/cmTC_933ce.dir/build
Building C object CMakeFiles/cmTC_933ce.dir/CheckIncludeFile.c.o
/Library/Developer/CommandLineTools/usr/bin/cc   -isysroot /Library/Developer/CommandLineTools/SDKs/MacOSX11.1.sdk -o CMakeFiles/cmTC_933ce.dir/CheckIncludeFile.c.o -c /Users/arakawakouichi/local_file/testrepo/cpp/build_copasi/CMakeFiles/CMakeTmp/CheckIncludeFile.c
Linking C executable cmTC_933ce
/usr/local/Cellar/cmake/3.20.5/bin/cmake -E cmake_link_script CMakeFiles/cmTC_933ce.dir/link.txt --verbose=1
/Library/Developer/CommandLineTools/usr/bin/cc  -isysroot /Library/Developer/CommandLineTools/SDKs/MacOSX11.1.sdk -Wl,-search_paths_first -Wl,-headerpad_max_install_names -L/usr/local/opt/zlib/lib -L/usr/local/opt/bzip2/lib  CMakeFiles/cmTC_933ce.dir/CheckIncludeFile.c.o -o cmTC_933ce 



Determining if the include file stdint.h exists passed with the following output:
Change Dir: /Users/arakawakouichi/local_file/testrepo/cpp/build_copasi/CMakeFiles/CMakeTmp

Run Build Command(s):/usr/bin/make -f Makefile cmTC_14c28/fast && /Library/Developer/CommandLineTools/usr/bin/make  -f CMakeFiles/cmTC_14c28.dir/build.make CMakeFiles/cmTC_14c28.dir/build
Building C object CMakeFiles/cmTC_14c28.dir/CheckIncludeFile.c.o
/Library/Developer/CommandLineTools/usr/bin/cc   -isysroot /Library/Developer/CommandLineTools/SDKs/MacOSX11.1.sdk -o CMakeFiles/cmTC_14c28.dir/CheckIncludeFile.c.o -c /Users/arakawakouichi/local_file/testrepo/cpp/build_copasi/CMakeFiles/CMakeTmp/CheckIncludeFile.c
Linking C executable cmTC_14c28
/usr/local/Cellar/cmake/3.20.5/bin/cmake -E cmake_link_script CMakeFiles/cmTC_14c28.dir/link.txt --verbose=1
/Library/Developer/CommandLineTools/usr/bin/cc  -isysroot /Library/Developer/CommandLineTools/SDKs/MacOSX11.1.sdk -Wl,-search_paths_first -Wl,-headerpad_max_install_names -L/usr/local/opt/zlib/lib -L/usr/local/opt/bzip2/lib  CMakeFiles/cmTC_14c28.dir/CheckIncludeFile.c.o -o cmTC_14c28 



Determining if the include file stddef.h exists passed with the following output:
Change Dir: /Users/arakawakouichi/local_file/testrepo/cpp/build_copasi/CMakeFiles/CMakeTmp

Run Build Command(s):/usr/bin/make -f Makefile cmTC_6d4da/fast && /Library/Developer/CommandLineTools/usr/bin/make  -f CMakeFiles/cmTC_6d4da.dir/build.make CMakeFiles/cmTC_6d4da.dir/build
Building C object CMakeFiles/cmTC_6d4da.dir/CheckIncludeFile.c.o
/Library/Developer/CommandLineTools/usr/bin/cc   -isysroot /Library/Developer/CommandLineTools/SDKs/MacOSX11.1.sdk -o CMakeFiles/cmTC_6d4da.dir/CheckIncludeFile.c.o -c /Users/arakawakouichi/local_file/testrepo/cpp/build_copasi/CMakeFiles/CMakeTmp/CheckIncludeFile.c
Linking C executable cmTC_6d4da
/usr/local/Cellar/cmake/3.20.5/bin/cmake -E cmake_link_script CMakeFiles/cmTC_6d4da.dir/link.txt --verbose=1
/Library/Developer/CommandLineTools/usr/bin/cc  -isysroot /Library/Developer/CommandLineTools/SDKs/MacOSX11.1.sdk -Wl,-search_paths_first -Wl,-headerpad_max_install_names -L/usr/local/opt/zlib/lib -L/usr/local/opt/bzip2/lib  CMakeFiles/cmTC_6d4da.dir/CheckIncludeFile.c.o -o cmTC_6d4da 



Determining size of void* passed with the following output:
Change Dir: /Users/arakawakouichi/local_file/testrepo/cpp/build_copasi/CMakeFiles/CMakeTmp

Run Build Command(s):/usr/bin/make -f Makefile cmTC_167a4/fast && /Library/Developer/CommandLineTools/usr/bin/make  -f CMakeFiles/cmTC_167a4.dir/build.make CMakeFiles/cmTC_167a4.dir/build
Building C object CMakeFiles/cmTC_167a4.dir/CMAKE_SIZEOF_VOID_P.c.o
/Library/Developer/CommandLineTools/usr/bin/cc   -isysroot /Library/Developer/CommandLineTools/SDKs/MacOSX11.1.sdk -o CMakeFiles/cmTC_167a4.dir/CMAKE_SIZEOF_VOID_P.c.o -c /Users/arakawakouichi/local_file/testrepo/cpp/build_copasi/CMakeFiles/CheckTypeSize/CMAKE_SIZEOF_VOID_P.c
Linking C executable cmTC_167a4
/usr/local/Cellar/cmake/3.20.5/bin/cmake -E cmake_link_script CMakeFiles/cmTC_167a4.dir/link.txt --verbose=1
/Library/Developer/CommandLineTools/usr/bin/cc  -isysroot /Library/Developer/CommandLineTools/SDKs/MacOSX11.1.sdk -Wl,-search_paths_first -Wl,-headerpad_max_install_names -L/usr/local/opt/zlib/lib -L/usr/local/opt/bzip2/lib  CMakeFiles/cmTC_167a4.dir/CMAKE_SIZEOF_VOID_P.c.o -o cmTC_167a4 



Determining size of unsigned int passed with the following output:
Change Dir: /Users/arakawakouichi/local_file/testrepo/cpp/build_copasi/CMakeFiles/CMakeTmp

Run Build Command(s):/usr/bin/make -f Makefile cmTC_d34cc/fast && /Library/Developer/CommandLineTools/usr/bin/make  -f CMakeFiles/cmTC_d34cc.dir/build.make CMakeFiles/cmTC_d34cc.dir/build
Building C object CMakeFiles/cmTC_d34cc.dir/CMAKE_SIZEOF_UINT.c.o
/Library/Developer/CommandLineTools/usr/bin/cc   -isysroot /Library/Developer/CommandLineTools/SDKs/MacOSX11.1.sdk -o CMakeFiles/cmTC_d34cc.dir/CMAKE_SIZEOF_UINT.c.o -c /Users/arakawakouichi/local_file/testrepo/cpp/build_copasi/CMakeFiles/CheckTypeSize/CMAKE_SIZEOF_UINT.c
Linking C executable cmTC_d34cc
/usr/local/Cellar/cmake/3.20.5/bin/cmake -E cmake_link_script CMakeFiles/cmTC_d34cc.dir/link.txt --verbose=1
/Library/Developer/CommandLineTools/usr/bin/cc  -isysroot /Library/Developer/CommandLineTools/SDKs/MacOSX11.1.sdk -Wl,-search_paths_first -Wl,-headerpad_max_install_names -L/usr/local/opt/zlib/lib -L/usr/local/opt/bzip2/lib  CMakeFiles/cmTC_d34cc.dir/CMAKE_SIZEOF_UINT.c.o -o cmTC_d34cc 



Determining size of size_t passed with the following output:
Change Dir: /Users/arakawakouichi/local_file/testrepo/cpp/build_copasi/CMakeFiles/CMakeTmp

Run Build Command(s):/usr/bin/make -f Makefile cmTC_6c930/fast && /Library/Developer/CommandLineTools/usr/bin/make  -f CMakeFiles/cmTC_6c930.dir/build.make CMakeFiles/cmTC_6c930.dir/build
Building C object CMakeFiles/cmTC_6c930.dir/CMAKE_SIZEOF_SIZE_T.c.o
/Library/Developer/CommandLineTools/usr/bin/cc   -isysroot /Library/Developer/CommandLineTools/SDKs/MacOSX11.1.sdk -o CMakeFiles/cmTC_6c930.dir/CMAKE_SIZEOF_SIZE_T.c.o -c /Users/arakawakouichi/local_file/testrepo/cpp/build_copasi/CMakeFiles/CheckTypeSize/CMAKE_SIZEOF_SIZE_T.c
Linking C executable cmTC_6c930
/usr/local/Cellar/cmake/3.20.5/bin/cmake -E cmake_link_script CMakeFiles/cmTC_6c930.dir/link.txt --verbose=1
/Library/Developer/CommandLineTools/usr/bin/cc  -isysroot /Library/Developer/CommandLineTools/SDKs/MacOSX11.1.sdk -Wl,-search_paths_first -Wl,-headerpad_max_install_names -L/usr/local/opt/zlib/lib -L/usr/local/opt/bzip2/lib  CMakeFiles/cmTC_6c930.dir/CMAKE_SIZEOF_SIZE_T.c.o -o cmTC_6c930 



Determining if the function dgemm_ exists passed with the following output:
Change Dir: /Users/arakawakouichi/local_file/testrepo/cpp/build_copasi/CMakeFiles/CMakeTmp

Run Build Command(s):/usr/bin/make -f Makefile cmTC_54b59/fast && /Library/Developer/CommandLineTools/usr/bin/make  -f CMakeFiles/cmTC_54b59.dir/build.make CMakeFiles/cmTC_54b59.dir/build
Building C object CMakeFiles/cmTC_54b59.dir/CheckFunctionExists.c.o
/Library/Developer/CommandLineTools/usr/bin/cc   -DCHECK_FUNCTION_EXISTS=dgemm_ -isysroot /Library/Developer/CommandLineTools/SDKs/MacOSX11.1.sdk -o CMakeFiles/cmTC_54b59.dir/CheckFunctionExists.c.o -c /usr/local/Cellar/cmake/3.20.5/share/cmake/Modules/CheckFunctionExists.c
Linking C executable cmTC_54b59
/usr/local/Cellar/cmake/3.20.5/bin/cmake -E cmake_link_script CMakeFiles/cmTC_54b59.dir/link.txt --verbose=1
/Library/Developer/CommandLineTools/usr/bin/cc  -DCHECK_FUNCTION_EXISTS=dgemm_ -isysroot /Library/Developer/CommandLineTools/SDKs/MacOSX11.1.sdk -Wl,-search_paths_first -Wl,-headerpad_max_install_names -L/usr/local/opt/zlib/lib -L/usr/local/opt/bzip2/lib  CMakeFiles/cmTC_54b59.dir/CheckFunctionExists.c.o -o cmTC_54b59  -framework Accelerate 



Determining if the function sgemm_ exists passed with the following output:
Change Dir: /Users/arakawakouichi/local_file/testrepo/cpp/build_copasi/CMakeFiles/CMakeTmp

Run Build Command(s):/usr/bin/make -f Makefile cmTC_124da/fast && /Library/Developer/CommandLineTools/usr/bin/make  -f CMakeFiles/cmTC_124da.dir/build.make CMakeFiles/cmTC_124da.dir/build
Building C object CMakeFiles/cmTC_124da.dir/CheckFunctionExists.c.o
/Library/Developer/CommandLineTools/usr/bin/cc   -DCHECK_FUNCTION_EXISTS=sgemm_ -isysroot /Library/Developer/CommandLineTools/SDKs/MacOSX11.1.sdk -o CMakeFiles/cmTC_124da.dir/CheckFunctionExists.c.o -c /usr/local/Cellar/cmake/3.20.5/share/cmake/Modules/CheckFunctionExists.c
Linking C executable cmTC_124da
/usr/local/Cellar/cmake/3.20.5/bin/cmake -E cmake_link_script CMakeFiles/cmTC_124da.dir/link.txt --verbose=1
/Library/Developer/CommandLineTools/usr/bin/cc  -DCHECK_FUNCTION_EXISTS=sgemm_ -isysroot /Library/Developer/CommandLineTools/SDKs/MacOSX11.1.sdk -Wl,-search_paths_first -Wl,-headerpad_max_install_names -L/usr/local/opt/zlib/lib -L/usr/local/opt/bzip2/lib  CMakeFiles/cmTC_124da.dir/CheckFunctionExists.c.o -o cmTC_124da  /Library/Developer/CommandLineTools/SDKs/MacOSX11.1.sdk/usr/lib/libblas.tbd 



Performing C SOURCE FILE Test ICONV_HAVE_WERROR succeeded with the following output:
Change Dir: /Users/arakawakouichi/local_file/testrepo/cpp/build_copasi/CMakeFiles/CMakeTmp

Run Build Command(s):/usr/bin/make -f Makefile cmTC_3c4fc/fast && /Library/Developer/CommandLineTools/usr/bin/make  -f CMakeFiles/cmTC_3c4fc.dir/build.make CMakeFiles/cmTC_3c4fc.dir/build
Building C object CMakeFiles/cmTC_3c4fc.dir/src.c.o
/Library/Developer/CommandLineTools/usr/bin/cc -DICONV_HAVE_WERROR  -isysroot /Library/Developer/CommandLineTools/SDKs/MacOSX11.1.sdk   -Werror -o CMakeFiles/cmTC_3c4fc.dir/src.c.o -c /Users/arakawakouichi/local_file/testrepo/cpp/build_copasi/CMakeFiles/CMakeTmp/src.c
Linking C executable cmTC_3c4fc
/usr/local/Cellar/cmake/3.20.5/bin/cmake -E cmake_link_script CMakeFiles/cmTC_3c4fc.dir/link.txt --verbose=1
/Library/Developer/CommandLineTools/usr/bin/cc  -isysroot /Library/Developer/CommandLineTools/SDKs/MacOSX11.1.sdk -Wl,-search_paths_first -Wl,-headerpad_max_install_names -L/usr/local/opt/zlib/lib -L/usr/local/opt/bzip2/lib  CMakeFiles/cmTC_3c4fc.dir/src.c.o -o cmTC_3c4fc  /Library/Developer/CommandLineTools/SDKs/MacOSX11.1.sdk/usr/lib/libiconv.tbd 


Source file was:
int main(void) { return 0; }
