Compiling the C compiler identification source file "CMakeCCompilerId.c" failed.
Compiler: /Library/Developer/CommandLineTools/usr/bin/cc 
Build flags: 
Id flags:  

The output was:
1
ld: library not found for -lSystem
clang: error: linker command failed with exit code 1 (use -v to see invocation)


Compiling the CXX compiler identification source file "CMakeCXXCompilerId.cpp" failed.
Compiler: /Library/Developer/CommandLineTools/usr/bin/c++ 
Build flags: 
Id flags:  

The output was:
1
ld: library not found for -lc++
clang: error: linker command failed with exit code 1 (use -v to see invocation)


Determining if the function cheev_ exists failed with the following output:
Change Dir: /Users/arakawakouichi/local_file/testrepo/cpp/build_copasi/CMakeFiles/CMakeTmp

Run Build Command(s):/usr/bin/make -f Makefile cmTC_1989f/fast && /Library/Developer/CommandLineTools/usr/bin/make  -f CMakeFiles/cmTC_1989f.dir/build.make CMakeFiles/cmTC_1989f.dir/build
Building C object CMakeFiles/cmTC_1989f.dir/CheckFunctionExists.c.o
/Library/Developer/CommandLineTools/usr/bin/cc   -DCHECK_FUNCTION_EXISTS=cheev_ -isysroot /Library/Developer/CommandLineTools/SDKs/MacOSX11.1.sdk -o CMakeFiles/cmTC_1989f.dir/CheckFunctionExists.c.o -c /usr/local/Cellar/cmake/3.20.5/share/cmake/Modules/CheckFunctionExists.c
Linking C executable cmTC_1989f
/usr/local/Cellar/cmake/3.20.5/bin/cmake -E cmake_link_script CMakeFiles/cmTC_1989f.dir/link.txt --verbose=1
/Library/Developer/CommandLineTools/usr/bin/cc  -DCHECK_FUNCTION_EXISTS=cheev_ -isysroot /Library/Developer/CommandLineTools/SDKs/MacOSX11.1.sdk -Wl,-search_paths_first -Wl,-headerpad_max_install_names -L/usr/local/opt/zlib/lib -L/usr/local/opt/bzip2/lib  CMakeFiles/cmTC_1989f.dir/CheckFunctionExists.c.o -o cmTC_1989f  -Wl,--start-group -framework Accelerate -framework Accelerate -Wl,--end-group 
ld: unknown option: --start-group
clang: error: linker command failed with exit code 1 (use -v to see invocation)
make[1]: *** [cmTC_1989f] Error 1
make: *** [cmTC_1989f/fast] Error 2



Determining if the function cheev_ exists failed with the following output:
Change Dir: /Users/arakawakouichi/local_file/testrepo/cpp/build_copasi/CMakeFiles/CMakeTmp

Run Build Command(s):/usr/bin/make -f Makefile cmTC_a4f7f/fast && /Library/Developer/CommandLineTools/usr/bin/make  -f CMakeFiles/cmTC_a4f7f.dir/build.make CMakeFiles/cmTC_a4f7f.dir/build
Building C object CMakeFiles/cmTC_a4f7f.dir/CheckFunctionExists.c.o
/Library/Developer/CommandLineTools/usr/bin/cc   -DCHECK_FUNCTION_EXISTS=cheev_ -isysroot /Library/Developer/CommandLineTools/SDKs/MacOSX11.1.sdk -o CMakeFiles/cmTC_a4f7f.dir/CheckFunctionExists.c.o -c /usr/local/Cellar/cmake/3.20.5/share/cmake/Modules/CheckFunctionExists.c
Linking C executable cmTC_a4f7f
/usr/local/Cellar/cmake/3.20.5/bin/cmake -E cmake_link_script CMakeFiles/cmTC_a4f7f.dir/link.txt --verbose=1
/Library/Developer/CommandLineTools/usr/bin/cc  -DCHECK_FUNCTION_EXISTS=cheev_ -isysroot /Library/Developer/CommandLineTools/SDKs/MacOSX11.1.sdk -Wl,-search_paths_first -Wl,-headerpad_max_install_names -L/usr/local/opt/zlib/lib -L/usr/local/opt/bzip2/lib  CMakeFiles/cmTC_a4f7f.dir/CheckFunctionExists.c.o -o cmTC_a4f7f  -Wl,--start-group /Library/Developer/CommandLineTools/SDKs/MacOSX11.1.sdk/usr/lib/liblapack.tbd /Library/Developer/CommandLineTools/SDKs/MacOSX11.1.sdk/usr/lib/libblas.tbd -Wl,--end-group 
ld: unknown option: --start-group
clang: error: linker command failed with exit code 1 (use -v to see invocation)
make[1]: *** [cmTC_a4f7f] Error 1
make: *** [cmTC_a4f7f/fast] Error 2



Performing C SOURCE FILE Test ICONV_SECOND_ARGUMENT_IS_CONST failed with the following output:
Change Dir: /Users/arakawakouichi/local_file/testrepo/cpp/build_copasi/CMakeFiles/CMakeTmp

Run Build Command(s):/usr/bin/make -f Makefile cmTC_7178d/fast && /Library/Developer/CommandLineTools/usr/bin/make  -f CMakeFiles/cmTC_7178d.dir/build.make CMakeFiles/cmTC_7178d.dir/build
Building C object CMakeFiles/cmTC_7178d.dir/src.c.o
/Library/Developer/CommandLineTools/usr/bin/cc -DICONV_SECOND_ARGUMENT_IS_CONST  -Werror  -isysroot /Library/Developer/CommandLineTools/SDKs/MacOSX11.1.sdk -o CMakeFiles/cmTC_7178d.dir/src.c.o -c /Users/arakawakouichi/local_file/testrepo/cpp/build_copasi/CMakeFiles/CMakeTmp/src.c
/Users/arakawakouichi/local_file/testrepo/cpp/build_copasi/CMakeFiles/CMakeTmp/src.c:9:17: error: passing 'const char **' to parameter of type 'char **' discards qualifiers in nested pointer types [-Werror,-Wincompatible-pointer-types-discards-qualifiers]
    iconv(conv, &in, &ilen, &out, &olen);
                ^~~
/Library/Developer/CommandLineTools/SDKs/MacOSX11.1.sdk/usr/include/iconv.h:75:79: note: passing argument to parameter '__inbuf' here
extern __LIBICONV_DLL_EXPORTED size_t iconv (iconv_t __cd, char* * __restrict __inbuf, size_t * __restrict __inbytesleft, char* * __restrict __outbuf, size_t * __restrict __outbytesleft);
                                                                              ^
1 error generated.
make[1]: *** [CMakeFiles/cmTC_7178d.dir/src.c.o] Error 1
make: *** [cmTC_7178d/fast] Error 2


Source file was:

  #include <iconv.h>
  int main(){
    iconv_t conv = 0;
    const char* in = 0;
    size_t ilen = 0;
    char* out = 0;
    size_t olen = 0;
    iconv(conv, &in, &ilen, &out, &olen);
    return 0;
  }

